<?xml version="1.0" encoding="UTF-8"?>
<!-- Generated by org.testng.reporters.JUnitReportReporter -->
<testsuite hostname="LAPTOP-INML28EB" failures="0" tests="1" name="scripts.Testcase3" time="21.491" errors="0" timestamp="2022-07-12T00:20:44 IST" skipped="0">
  <testcase classname="scripts.Testcase3" name="tc3" time="21.491"/>
  <system-out/>
</testsuite> <!-- scripts.Testcase3 -->
